2013-11-28 00:00:00
['20131111.csv', '20131112.csv', '20131113.csv', '20131114.csv', '20131115.csv', '20131118.csv', '20131119.csv', '20131120.csv', '20131121.csv', '20131122.csv', '20131125.csv', '20131126.csv', '20131127.csv']
SD = 477.281072458
[23354.522873720056, 24309.08501863661, 22399.9607288035]
* --- * --- * --- * --- * --- * --- *
file = .DS_Store
 - date = 2014-10-14
* --- * --- * --- * --- * --- * --- *
file = .DS_Store
 - date = 2014-10-14
 - SD = 0.0
* --- * --- * --- * --- * --- * --- *
file = .DS_Store
 - date = 2014-10-14
 - SD = 0.0
[0.0, 0.0, 0.0]
file = 20131104.csv
 - date = 2013-11-04
 - SD = 0.0
[0.0, 0.0, 0.0]
file = 20131105.csv
 - date = 2013-11-05
 - SD = 51.8558096353
[23257.188020989506, 23360.89964026014, 23153.47640171887]
file = 20131106.csv
 - date = 2013-11-06
 - SD = 130.006536033
[23135.761184568637, 23395.774256634453, 22875.74811250282]
file = 20131107.csv
 - date = 2013-11-07
 - SD = 121.887687765
[23096.921342010257, 23340.696717540923, 22853.14596647959]
file = 20131108.csv
 - date = 2013-11-08
 - SD = 147.363148369
[23036.9970418728, 23331.723338610922, 22742.27074513468]
file = 20131111.csv
 - date = 2013-11-11
 - SD = 185.190490225
[22972.42840147768, 23342.80938192739, 22602.047421027968]
file = 20131112.csv
 - date = 2013-11-12
 - SD = 182.288450885
[22953.373222483235, 23317.950124253435, 22588.796320713034]
file = 20131113.csv
 - date = 2013-11-13
 - SD = 170.429737727
[22953.571175802772, 23294.43065125765, 22612.711700347892]
file = 20131114.csv
 - date = 2013-11-14
 - SD = 215.705789833
[22896.012232230296, 23327.423811895977, 22464.600652564615]
file = 20131115.csv
 - date = 2013-11-15
 - SD = 225.200080073
[22863.047908366534, 23313.448068512495, 22412.647748220574]
file = 20131118.csv
 - date = 2013-11-18
 - SD = 217.045292604
[22873.56605592303, 23307.656641130085, 22439.475470715977]
file = 20131119.csv
 - date = 2013-11-19
 - SD = 310.662456232
[22957.02023539438, 23578.345147858337, 22335.69532293042]
file = 20131120.csv
 - date = 2013-11-20
 - SD = 374.500793636
[23027.909417241925, 23776.91100451347, 22278.90782997038]
file = 20131121.csv
 - date = 2013-11-21
 - SD = 407.032544914
[23078.450659552625, 23892.515749380804, 22264.385569724447]
file = 20131122.csv
 - date = 2013-11-22
 - SD = 416.052225028
[23115.97134737022, 23948.075797425416, 22283.866897315027]
file = 20131125.csv
 - date = 2013-11-25
 - SD = 457.056419261
[23160.213629226117, 24074.326467748528, 22246.100790703706]
file = 20131126.csv
 - date = 2013-11-26
 - SD = 480.333003443
[23215.07796566998, 24175.743972555225, 22254.411958784738]
file = 20131127.csv
 - date = 2013-11-27
 - SD = 487.042032391
[23277.720968063273, 24251.805032845074, 22303.636903281473]
file = 20131128.csv
 - date = 2013-11-28
 - SD = 477.281072458
[23354.522873720056, 24309.08501863661, 22399.9607288035]
file = 20131129.csv
 - date = 2013-11-29
 - SD = 481.189681429
[23370.330518865347, 24332.709881723495, 22407.9511560072]
file = 20131202.csv
 - date = 2013-12-02
 - SD = 475.298013794
[23451.61727622165, 24402.213303810095, 22501.021248633202]
file = 20131203.csv
 - date = 2013-12-03
 - SD = 398.58937171
[23587.92229335534, 24385.101036775784, 22790.743549934894]
file = 20131204.csv
 - date = 2013-12-04
 - SD = 273.139606399
[23695.47863039265, 24241.757843190353, 23149.199417594944]
file = 20131205.csv
 - date = 2013-12-05
 - SD = 133.540434601
[23768.25844692969, 24035.33931613185, 23501.17757772753]
file = 20131206.csv
 - date = 2013-12-06
 - SD = 132.224880141
[23759.269171412547, 24023.718931695068, 23494.819411130025]
file = 20131209.csv
 - date = 2013-12-09
 - SD = 121.486182495
[23775.836419830128, 24018.808784820543, 23532.864054839712]
file = 20131210.csv
 - date = 2013-12-10
 - SD = 123.700069631
[23782.250352220522, 24029.650491483004, 23534.85021295804]
file = 20131211.csv
 - date = 2013-12-11
 - SD = 113.544105731
[23796.788678578883, 24023.876890040832, 23569.700467116934]
file = 20131212.csv
 - date = 2013-12-12
 - SD = 155.633993645
[23769.09720733325, 24080.365194623526, 23457.82922004297]
file = 20131213.csv
 - date = 2013-12-13
 - SD = 216.783768521
[23721.788266176336, 24155.355803218612, 23288.22072913406]
file = 20131216.csv
 - date = 2013-12-16
 - SD = 269.712334592
[23670.300712668526, 24209.725381852655, 23130.876043484397]
file = 20131217.csv
 - date = 2013-12-17
 - SD = 306.939435228
[23612.50949803304, 24226.388368490025, 22998.630627576054]
file = 20131218.csv
 - date = 2013-12-18
 - SD = 318.774867997
[23565.379112642095, 24202.92884863641, 22927.82937664778]
file = 20131219.csv
 - date = 2013-12-19
 - SD = 325.28201458
[23536.985666910514, 24187.549696070953, 22886.421637750074]
file = 20131220.csv
 - date = 2013-12-20
* --- * --- * --- * --- * --- * --- *
2014-10-14 11:26:46.795635
--- START ---
file = 20131104.csv
 - date = 2013-11-04
 - SD = 0.0
[0.0, 0.0, 0.0]
file = 20131105.csv
 - date = 2013-11-05
 - SD = 51.8558096353
[23257.188020989506, 23360.89964026014, 23153.47640171887]
file = 20131106.csv
 - date = 2013-11-06
 - SD = 130.006536033
[23135.761184568637, 23395.774256634453, 22875.74811250282]
file = 20131107.csv
 - date = 2013-11-07
 - SD = 121.887687765
[23096.921342010257, 23340.696717540923, 22853.14596647959]
file = 20131108.csv
 - date = 2013-11-08
* --- * --- * --- * --- * --- * --- *
2014-10-14 11:28:16.168536
--- START ---
file = 20131104.csv
 - date = 2013-11-04
 - SD = 0.0
[0.0, 0.0, 0.0]
file = 20131105.csv
 - date = 2013-11-05
 - SD = 51.8558096353
[23257.188020989506, 23360.89964026014, 23153.47640171887]
file = 20131106.csv
 - date = 2013-11-06
 - SD = 130.006536033
[23135.761184568637, 23395.774256634453, 22875.74811250282]
file = 20131107.csv
 - date = 2013-11-07
 - SD = 121.887687765
[23096.921342010257, 23340.696717540923, 22853.14596647959]
file = 20131108.csv
 - date = 2013-11-08
 - SD = 147.363148369
[23036.9970418728, 23331.723338610922, 22742.27074513468]
file = 20131111.csv
 - date = 2013-11-11
 - SD = 185.190490225
[22972.42840147768, 23342.80938192739, 22602.047421027968]
file = 20131112.csv
 - date = 2013-11-12
 - SD = 182.288450885
[22953.373222483235, 23317.950124253435, 22588.796320713034]
file = 20131113.csv
 - date = 2013-11-13
 - SD = 170.429737727
[22953.571175802772, 23294.43065125765, 22612.711700347892]
file = 20131114.csv
 - date = 2013-11-14
 - SD = 215.705789833
[22896.012232230296, 23327.423811895977, 22464.600652564615]
file = 20131115.csv
 - date = 2013-11-15
 - SD = 225.200080073
[22863.047908366534, 23313.448068512495, 22412.647748220574]
file = 20131118.csv
 - date = 2013-11-18
 - SD = 217.045292604
[22873.56605592303, 23307.656641130085, 22439.475470715977]
file = 20131119.csv
 - date = 2013-11-19
 - SD = 310.662456232
[22957.02023539438, 23578.345147858337, 22335.69532293042]
file = 20131120.csv
 - date = 2013-11-20
 - SD = 374.500793636
[23027.909417241925, 23776.91100451347, 22278.90782997038]
file = 20131121.csv
 - date = 2013-11-21
 - SD = 407.032544914
[23078.450659552625, 23892.515749380804, 22264.385569724447]
file = 20131122.csv
 - date = 2013-11-22
 - SD = 416.052225028
[23115.97134737022, 23948.075797425416, 22283.866897315027]
file = 20131125.csv
 - date = 2013-11-25
 - SD = 457.056419261
[23160.213629226117, 24074.326467748528, 22246.100790703706]
file = 20131126.csv
 - date = 2013-11-26
 - SD = 480.333003443
[23215.07796566998, 24175.743972555225, 22254.411958784738]
file = 20131127.csv
 - date = 2013-11-27
 - SD = 487.042032391
[23277.720968063273, 24251.805032845074, 22303.636903281473]
file = 20131128.csv
 - date = 2013-11-28
 - SD = 477.281072458
[23354.522873720056, 24309.08501863661, 22399.9607288035]
file = 20131129.csv
 - date = 2013-11-29
 - SD = 481.189681429
[23370.330518865347, 24332.709881723495, 22407.9511560072]
file = 20131202.csv
 - date = 2013-12-02
 - SD = 475.298013794
[23451.61727622165, 24402.213303810095, 22501.021248633202]
file = 20131203.csv
 - date = 2013-12-03
 - SD = 398.58937171
[23587.92229335534, 24385.101036775784, 22790.743549934894]
file = 20131204.csv
 - date = 2013-12-04
 - SD = 273.139606399
[23695.47863039265, 24241.757843190353, 23149.199417594944]
file = 20131205.csv
 - date = 2013-12-05
 - SD = 133.540434601
[23768.25844692969, 24035.33931613185, 23501.17757772753]
file = 20131206.csv
 - date = 2013-12-06
 - SD = 132.224880141
[23759.269171412547, 24023.718931695068, 23494.819411130025]
file = 20131209.csv
 - date = 2013-12-09
 - SD = 121.486182495
[23775.836419830128, 24018.808784820543, 23532.864054839712]
file = 20131210.csv
 - date = 2013-12-10
 - SD = 123.700069631
[23782.250352220522, 24029.650491483004, 23534.85021295804]
file = 20131211.csv
 - date = 2013-12-11
 - SD = 113.544105731
[23796.788678578883, 24023.876890040832, 23569.700467116934]
file = 20131212.csv
 - date = 2013-12-12
 - SD = 155.633993645
[23769.09720733325, 24080.365194623526, 23457.82922004297]
file = 20131213.csv
 - date = 2013-12-13
 - SD = 216.783768521
[23721.788266176336, 24155.355803218612, 23288.22072913406]
file = 20131216.csv
 - date = 2013-12-16
 - SD = 269.712334592
[23670.300712668526, 24209.725381852655, 23130.876043484397]
file = 20131217.csv
 - date = 2013-12-17
 - SD = 306.939435228
[23612.50949803304, 24226.388368490025, 22998.630627576054]
file = 20131218.csv
 - date = 2013-12-18
 - SD = 318.774867997
[23565.379112642095, 24202.92884863641, 22927.82937664778]
file = 20131219.csv
 - date = 2013-12-19
 - SD = 325.28201458
[23536.985666910514, 24187.549696070953, 22886.421637750074]
file = 20131220.csv
 - date = 2013-12-20
 - SD = 341.177774751
[23496.873502755738, 24179.22905225847, 22814.517953253006]
file = 20131223.csv
 - date = 2013-12-23
 - SD = 333.667563399
[23370.538982415994, 24037.874109213444, 22703.203855618543]
file = 20131224.csv
 - date = 2013-12-24
 - SD = 332.121984218
[23309.16890280397, 23973.41287124039, 22644.924934367547]
file = 20131227.csv
 - date = 2013-12-27
 - SD = 307.673581349
[23234.038474618825, 23849.38563731604, 22618.691311921608]
file = 20131230.csv
 - date = 2013-12-30
 - SD = 187.895714786
[23134.138220148234, 23509.929649720896, 22758.34679057557]
file = 20131231.csv
 - date = 2013-12-31
 - SD = 152.725987065
[23094.05256538169, 23399.50453951135, 22788.600591252034]
file = 20140102.csv
 - date = 2014-01-02
 - SD = 163.187050269
[23075.278698406284, 23401.65279894335, 22748.90459786922]
file = 20140103.csv
 - date = 2014-01-03
 - SD = 172.130588994
[23100.93258737781, 23445.193765365635, 22756.671409389986]
file = 20140106.csv
 - date = 2014-01-06
 - SD = 195.451376854
[23062.232214564443, 23453.13496827268, 22671.329460856206]
file = 20140107.csv
 - date = 2014-01-07
 - SD = 232.116969433
[22999.945420311313, 23464.179359177, 22535.711481445625]
file = 20140108.csv
 - date = 2014-01-08
 - SD = 244.046857253
[22948.66407093851, 23436.757785443864, 22460.570356433156]
file = 20140109.csv
 - date = 2014-01-09
 - SD = 238.141978536
[22962.92700561737, 23439.210962690166, 22486.643048544574]
file = 20140110.csv
 - date = 2014-01-10
 - SD = 227.137193946
[22951.546848493756, 23405.82123638479, 22497.272460602722]
file = 20140113.csv
 - date = 2014-01-13
 - SD = 228.049084777
[22934.301270647236, 23390.39944020039, 22478.203101094085]
file = 20140114.csv
 - date = 2014-01-14
 - SD = 217.876389463
[22925.68494374614, 23361.437722672075, 22489.932164820202]
file = 20140115.csv
 - date = 2014-01-15
 - SD = 213.281836473
[22908.247201618677, 23334.810874564144, 22481.68352867321]
file = 20140116.csv
 - date = 2014-01-16
 - SD = 191.048876219
[22885.213315423105, 23267.311067860737, 22503.115562985473]
file = 20140117.csv
 - date = 2014-01-17
 - SD = 184.763873151
[22892.364414186024, 23261.892160488133, 22522.836667883916]
file = 20140120.csv
 - date = 2014-01-20
 - SD = 176.576650541
[22897.964741829095, 23251.11804291058, 22544.81144074761]
file = 20140121.csv
 - date = 2014-01-21
 - SD = 171.792034408
[22903.1856072534, 23246.769676070016, 22559.601538436782]
file = 20140122.csv
 - date = 2014-01-22
 - SD = 140.726987409
[22888.68812311225, 23170.142097930395, 22607.234148294105]
file = 20140123.csv
 - date = 2014-01-23
 - SD = 147.061758318
[22902.055087801396, 23196.1786044377, 22607.931571165092]
file = 20140124.csv
 - date = 2014-01-24
 - SD = 148.654713451
[22891.01214533659, 23188.321572238976, 22593.702718434204]
file = 20140127.csv
 - date = 2014-01-27
 - SD = 186.282194281
[22882.062984571003, 23254.62737313398, 22509.498596008027]
file = 20140128.csv
 - date = 2014-01-28
 - SD = 323.070941169
[22795.026299169687, 23441.168181507997, 22148.884416831377]
file = 20140129.csv
 - date = 2014-01-29
 - SD = 385.851974315
[22729.035274578506, 23500.739223209246, 21957.331325947765]
file = 20140130.csv
 - date = 2014-01-30
* --- * --- * --- * --- * --- * --- *
2014-10-14 19:32:59.848481
--- START ---
file = 20140130.csv
 - date = 2014-01-30
 - SD = 403.297977078
[22703.54864390188, 23510.14459805871, 21896.95268974505]
file = 20140204.csv
 - date = 2014-02-04
 - SD = 449.782064885
[22663.449020418306, 23563.013150188875, 21763.884890647736]
file = 20140205.csv
 - date = 2014-02-05
 - SD = 564.300651983
[22508.18182454916, 23636.783128516083, 21379.580520582236]
file = 20140206.csv
 - date = 2014-02-06
 - SD = 634.637814772
[22306.480193455827, 23575.75582300039, 21037.204563911266]
file = 20140207.csv
 - date = 2014-02-07
 - SD = 667.279336764
[22217.409196859706, 23551.967870388165, 20882.850523331246]
file = 20140210.csv
 - date = 2014-02-10
 - SD = 596.647893058
[21991.961312689786, 23185.257098805887, 20798.665526573684]
file = 20140211.csv
 - date = 2014-02-11
 - SD = 496.375798906
[21850.866547134563, 22843.61814494718, 20858.114949321945]
file = 20140212.csv
 - date = 2014-02-12
 - SD = 371.794238899
[21742.477912486407, 22486.06639028538, 20998.889434687433]
file = 20140213.csv
 - date = 2014-02-13
 - SD = 306.972258313
[21701.45709031086, 22315.401606937696, 21087.512573684027]
file = 20140214.csv
 - date = 2014-02-14
 - SD = 320.776780553
[21743.22636143588, 22384.779922541973, 21101.67280032979]
file = 20140217.csv
 - date = 2014-02-17
 - SD = 369.583450417
[21747.87751736877, 22487.04441820342, 21008.710616534125]
file = 20140218.csv
 - date = 2014-02-18
 - SD = 412.830793867
[21798.438886947406, 22624.100474680985, 20972.777299213827]
file = 20140219.csv
 - date = 2014-02-19
 - SD = 439.933690729
[21852.252669969937, 22732.120051428356, 20972.38528851152]
file = 20140220.csv
 - date = 2014-02-20
 - SD = 468.983708866
[21912.27422662731, 22850.24164435871, 20974.306808895908]
file = 20140221.csv
 - date = 2014-02-21
 - SD = 470.889207984
[21954.761505686387, 22896.539921654305, 21012.98308971847]
file = 20140224.csv
 - date = 2014-02-24
 - SD = 472.176117917
[22038.57763593949, 22982.929871773973, 21094.22540010501]
file = 20140225.csv
 - date = 2014-02-25
 - SD = 419.350219185
[22128.69128138182, 22967.391719751846, 21289.990843011794]
file = 20140226.csv
 - date = 2014-02-26
 - SD = 354.273911649
[22213.85822262656, 22922.406045925025, 21505.310399328097]
file = 20140227.csv
 - date = 2014-02-27
 - SD = 293.053980556
[22285.326434780236, 22871.434395892415, 21699.218473668057]
file = 20140228.csv
 - date = 2014-02-28
 - SD = 292.494929062
[22292.36632879691, 22877.35618692168, 21707.37647067214]
--- END ---
